android/app/build/intermediates/manifest_merge_blame_file/debug/manifest-merger-blame-debug-report.txt
1<?xml version="1.0" encoding="utf-8"?>
2<manifest xmlns:android="http://schemas.android.com/apk/res/android"
3    package="com.bukukas"
4    android:versionCode="1"
5    android:versionName="1.0" >
6
7    <uses-sdk
8        android:minSdkVersion="21"
9        android:targetSdkVersion="33" />
10
11    <uses-permission android:name="android.permission.SYSTEM_ALERT_WINDOW" />
11-->src\debug\AndroidManifest.xml:5:5-77
11-->src\debug\AndroidManifest.xml:5:22-75
12    <uses-permission android:name="android.permission.INTERNET" />
12-->src\main\AndroidManifest.xml:3:5-67
12-->src\main\AndroidManifest.xml:3:22-64
13    <uses-permission android:name="android.permission.WRITE_EXTERNAL_STORAGE" />
13-->src\main\AndroidManifest.xml:4:5-81
13-->src\main\AndroidManifest.xml:4:22-78
14    <uses-permission android:name="android.permission.ACCESS_WIFI_STATE" /> <!-- Required to access Google Play Licensing -->
14-->[com.facebook.flipper:flipper:0.182.0] AndroidManifest.xml:16:5-76
14-->[com.facebook.flipper:flipper:0.182.0] AndroidManifest.xml:16:22-73
15    <uses-permission android:name="com.android.vending.CHECK_LICENSE" />
15-->[:rn-fetch-blob] AndroidManifest.xml:8:5-73
15-->[:rn-fetch-blob] AndroidManifest.xml:8:22-70
16    <!--
17         Required to keep CPU alive while downloading files
18        (NOT to keep screen awake)
19    -->
20    <uses-permission android:name="android.permission.WAKE_LOCK" />
20-->[:rn-fetch-blob] AndroidManifest.xml:17:5-68
20-->[:rn-fetch-blob] AndroidManifest.xml:17:22-65
21    <!--
22         Required to poll the state of the network connection
23        and respond to changes
24    -->
25    <uses-permission android:name="android.permission.ACCESS_NETWORK_STATE" />
25-->[:rn-fetch-blob] AndroidManifest.xml:23:5-79
25-->[:rn-fetch-blob] AndroidManifest.xml:23:22-76
26    <uses-permission android:name="android.permission.READ_EXTERNAL_STORAGE" />
27
28    <application
28-->src\main\AndroidManifest.xml:6:5-26:19
29        android:name="com.bukukas.MainApplication"
29-->src\main\AndroidManifest.xml:7:7-38
30        android:allowBackup="false"
30-->src\main\AndroidManifest.xml:11:7-34
31        android:appComponentFactory="androidx.core.app.CoreComponentFactory"
31-->[androidx.core:core:1.7.0] AndroidManifest.xml:24:18-86
32        android:debuggable="true"
33        android:icon="@mipmap/ic_launcher"
33-->src\main\AndroidManifest.xml:9:7-41
34        android:label="@string/app_name"
34-->src\main\AndroidManifest.xml:8:7-39
35        android:roundIcon="@mipmap/ic_launcher_round"
35-->src\main\AndroidManifest.xml:10:7-52
36        android:theme="@style/AppTheme"
36-->src\main\AndroidManifest.xml:12:7-38
37        android:usesCleartextTraffic="true" >
37-->src\debug\AndroidManifest.xml:8:9-44
38        <activity
38-->src\debug\AndroidManifest.xml:11:9-111
39            android:name="com.facebook.react.devsupport.DevSettingsActivity"
39-->src\debug\AndroidManifest.xml:11:19-83
40            android:exported="false" />
40-->src\debug\AndroidManifest.xml:11:84-108
41        <activity
41-->src\main\AndroidManifest.xml:13:7-25:18
42            android:name="com.bukukas.MainActivity"
42-->src\main\AndroidManifest.xml:14:9-37
43            android:configChanges="keyboard|keyboardHidden|orientation|screenLayout|screenSize|smallestScreenSize|uiMode"
43-->src\main\AndroidManifest.xml:16:9-118
44            android:exported="true"
44-->src\main\AndroidManifest.xml:19:9-32
45            android:label="@string/app_name"
45-->src\main\AndroidManifest.xml:15:9-41
46            android:launchMode="singleTask"
46-->src\main\AndroidManifest.xml:17:9-40
47            android:windowSoftInputMode="adjustResize" >
47-->src\main\AndroidManifest.xml:18:9-51
48            <intent-filter>
48-->src\main\AndroidManifest.xml:20:9-24:25
49                <action android:name="android.intent.action.MAIN" />
49-->src\main\AndroidManifest.xml:21:13-65
49-->src\main\AndroidManifest.xml:21:21-62
50
51                <category android:name="android.intent.category.LAUNCHER" />
51-->src\main\AndroidManifest.xml:22:13-73
51-->src\main\AndroidManifest.xml:22:23-70
52
53                <action android:name="android.intent.action.DOWNLOAD_COMPLETE" />
53-->src\main\AndroidManifest.xml:23:13-77
53-->src\main\AndroidManifest.xml:23:21-75
54            </intent-filter>
55        </activity>
56
57        <provider
57-->[:react-native-image-picker] AndroidManifest.xml:8:9-16:20
58            android:name="com.imagepicker.ImagePickerProvider"
58-->[:react-native-image-picker] AndroidManifest.xml:9:13-63
59            android:authorities="com.bukukas.imagepickerprovider"
59-->[:react-native-image-picker] AndroidManifest.xml:10:13-71
60            android:exported="false"
60-->[:react-native-image-picker] AndroidManifest.xml:11:13-37
61            android:grantUriPermissions="true" >
61-->[:react-native-image-picker] AndroidManifest.xml:12:13-47
62            <meta-data
62-->[:react-native-image-picker] AndroidManifest.xml:13:13-15:70
63                android:name="android.support.FILE_PROVIDER_PATHS"
63-->[:react-native-image-picker] AndroidManifest.xml:14:17-67
64                android:resource="@xml/imagepicker_provider_paths" />
64-->[:react-native-image-picker] AndroidManifest.xml:15:17-67
65        </provider>
66        <provider
66-->[:rn-fetch-blob] AndroidManifest.xml:32:9-40:20
67            android:name="com.RNFetchBlob.Utils.FileProvider"
67-->[:rn-fetch-blob] AndroidManifest.xml:33:13-62
68            android:authorities="com.bukukas.provider"
68-->[:rn-fetch-blob] AndroidManifest.xml:34:13-60
69            android:exported="false"
69-->[:rn-fetch-blob] AndroidManifest.xml:35:13-37
70            android:grantUriPermissions="true" >
70-->[:rn-fetch-blob] AndroidManifest.xml:36:13-47
71            <meta-data
71-->[:react-native-image-picker] AndroidManifest.xml:13:13-15:70
72                android:name="android.support.FILE_PROVIDER_PATHS"
72-->[:react-native-image-picker] AndroidManifest.xml:14:17-67
73                android:resource="@xml/provider_paths" />
73-->[:react-native-image-picker] AndroidManifest.xml:15:17-67
74        </provider>
75
76        <meta-data
76-->[com.facebook.soloader:soloader:0.10.5] AndroidManifest.xml:12:9-14:37
77            android:name="com.facebook.soloader.enabled"
77-->[com.facebook.soloader:soloader:0.10.5] AndroidManifest.xml:13:13-57
78            android:value="false" />
78-->[com.facebook.soloader:soloader:0.10.5] AndroidManifest.xml:14:13-34
79
80        <provider
80-->[androidx.emoji2:emoji2:1.0.0] AndroidManifest.xml:26:9-34:20
81            android:name="androidx.startup.InitializationProvider"
81-->[androidx.emoji2:emoji2:1.0.0] AndroidManifest.xml:27:13-67
82            android:authorities="com.bukukas.androidx-startup"
82-->[androidx.emoji2:emoji2:1.0.0] AndroidManifest.xml:28:13-68
83            android:exported="false" >
83-->[androidx.emoji2:emoji2:1.0.0] AndroidManifest.xml:29:13-37
84            <meta-data
84-->[androidx.emoji2:emoji2:1.0.0] AndroidManifest.xml:31:13-33:52
85                android:name="androidx.emoji2.text.EmojiCompatInitializer"
85-->[androidx.emoji2:emoji2:1.0.0] AndroidManifest.xml:32:17-75
86                android:value="androidx.startup" />
86-->[androidx.emoji2:emoji2:1.0.0] AndroidManifest.xml:33:17-49
87            <meta-data
87-->[androidx.lifecycle:lifecycle-process:2.4.0] AndroidManifest.xml:31:13-33:52
88                android:name="androidx.lifecycle.ProcessLifecycleInitializer"
88-->[androidx.lifecycle:lifecycle-process:2.4.0] AndroidManifest.xml:32:17-78
89                android:value="androidx.startup" />
89-->[androidx.lifecycle:lifecycle-process:2.4.0] AndroidManifest.xml:33:17-49
90        </provider>
91    </application>
92
93</manifest>